Arguments: 
  /Users/hannesleutloff/.nvm/versions/node/v8.11.3/bin/node /usr/local/Cellar/yarn/1.10.1/libexec/bin/yarn.js install

PATH: 
  /Users/hannesleutloff/.rvm/gems/ruby-2.5.1/bin:/Users/hannesleutloff/.rvm/gems/ruby-2.5.1@global/bin:/Users/hannesleutloff/.rvm/rubies/ruby-2.5.1/bin:/Users/hannesleutloff/.nvm/versions/node/v8.11.3/bin:/Users/hannesleutloff/tools/arcanist/arcanist/bin/:/Users/hannesleutloff/tools:/Users/hannesleutloff/.phpbrew/bin:/usr/local/bin:/usr/bin:/bin:/usr/sbin:/sbin:/Library/TeX/texbin:/usr/local/MacGPG2/bin:/Users/hannesleutloff/.rvm/bin

Yarn version: 
  1.10.1

Node version: 
  8.11.3

Platform: 
  darwin x64

Trace: 
  SyntaxError: /Volumes/Workspace/private/telegram-bots/package.json: Unexpected token } in JSON at position 967
      at JSON.parse (<anonymous>)
      at /usr/local/Cellar/yarn/1.10.1/libexec/lib/cli.js:1136:59
      at Generator.next (<anonymous>)
      at step (/usr/local/Cellar/yarn/1.10.1/libexec/lib/cli.js:98:30)
      at /usr/local/Cellar/yarn/1.10.1/libexec/lib/cli.js:109:13
      at <anonymous>

npm manifest: 
  {
    "name": "telegram-bots",
    "version": "1.0.0",
    "description": "",
    "main": "index.js",
    "scripts": {
      "bot": "node index.js",
      "test": "echo \"Error: no test specified\" && exit 1"
    },
    "repository": {
      "type": "git",
      "url": "git+https://github.com/yeldiRium/telegram-bots.git"
    },
    "author": "Hannes Leutloff <hannes.leutloff@aol.de>",
    "license": "ISC",
    "bugs": {
      "url": "https://github.com/yeldiRium/telegram-bots/issues"
    },
    "homepage": "https://github.com/yeldiRium/telegram-bots#readme",
    "dependencies": {
      "telegraf": "^3.25.0"
    },
    "devDependencies": {
      "@babel/core": "^7.1.2",
      "@babel/node": "^7.0.0",
      "@babel/preset-env": "^7.1.0",
      "babel-plugin-dynamic-import-node": "^2.1.0",
      "eslint": "^5.6.1",
      "eslint-config-standard": "^12.0.0",
      "eslint-plugin-import": "^2.14.0",
      "eslint-plugin-node": "^7.0.1",
      "eslint-plugin-promise": "^4.0.1",
      "eslint-plugin-standard": "^4.0.0",
    }
  }

yarn manifest: 
  No manifest

Lockfile: 
  # THIS IS AN AUTOGENERATED FILE. DO NOT EDIT THIS FILE DIRECTLY.
  # yarn lockfile v1
  
  
  "@types/node@^10.1.2":
    version "10.12.2"
    resolved "https://registry.yarnpkg.com/@types/node/-/node-10.12.2.tgz#d77f9faa027cadad9c912cd47f4f8b07b0fb0864"
    integrity sha512-53ElVDSnZeFUUFIYzI8WLQ25IhWzb6vbddNp8UHlXQyU0ET2RhV5zg0NfubzU7iNMh5bBXb0htCzfvrSVNgzaQ==
  
  debug@^4.0.1:
    version "4.1.0"
    resolved "https://registry.yarnpkg.com/debug/-/debug-4.1.0.tgz#373687bffa678b38b1cd91f861b63850035ddc87"
    integrity sha512-heNPJUJIqC+xB6ayLAMHaIrmN9HKa7aQO8MGqKpvCA+uJYVcvR6l5kgdrhRuwPFHU7P5/A1w0BjByPHwpfTDKg==
    dependencies:
      ms "^2.1.1"
  
  ms@^2.1.1:
    version "2.1.1"
    resolved "https://registry.yarnpkg.com/ms/-/ms-2.1.1.tgz#30a5864eb3ebb0a66f2ebe6d727af06a09d86e0a"
    integrity sha512-tgp+dl5cGk28utYktBsrFqA7HKgrhgPsg6Z/EfhWI4gl1Hwq8B/GmY/0oXZ6nF8hDVesS/FpnYaD/kOWhYQvyg==
  
  node-fetch@^2.2.0:
    version "2.2.1"
    resolved "https://registry.yarnpkg.com/node-fetch/-/node-fetch-2.2.1.tgz#1fe551e0ded6c45b3b3b937d0fb46f76df718d1e"
    integrity sha512-ObXBpNCD3A/vYQiQtEWl7DuqjAXjfptYFuGHLdPl5U19/6kJuZV+8uMHLrkj3wJrJoyfg4nhgyFixZdaZoAiEQ==
  
  sandwich-stream@^2.0.1:
    version "2.0.2"
    resolved "https://registry.yarnpkg.com/sandwich-stream/-/sandwich-stream-2.0.2.tgz#6d1feb6cf7e9fe9fadb41513459a72c2e84000fa"
    integrity sha512-jLYV0DORrzY3xaz/S9ydJL6Iz7essZeAfnAavsJ+zsJGZ1MOnsS52yRjU3uF3pJa/lla7+wisp//fxOwOH8SKQ==
  
  telegraf@^3.25.0:
    version "3.25.0"
    resolved "https://registry.yarnpkg.com/telegraf/-/telegraf-3.25.0.tgz#f08e463584803c36462e22668ad1e1f362f1f253"
    integrity sha512-W2L/9LIOndtzqgEnJPlDJS8Q/gwoRS/a7FvoV9kPhKwRWtJtiP8xhkr66GMbOhnB0RgSK6GMrgeZtXNzLn/bQg==
    dependencies:
      "@types/node" "^10.1.2"
      debug "^4.0.1"
      node-fetch "^2.2.0"
      sandwich-stream "^2.0.1"
      telegram-typings "^3.6.0"
  
  telegram-typings@^3.6.0:
    version "3.6.1"
    resolved "https://registry.yarnpkg.com/telegram-typings/-/telegram-typings-3.6.1.tgz#1288d547f8694b61f1c01c2993e295f3114d9e25"
    integrity sha512-njVv1EAhIZnmQVLocZEADYUyqA1WIXuVcDYlsp+mXua/XB0pxx+PKtMSPeZ/EE4wPWTw9h/hA9ASTT6yQelkiw==
